[2022-07-18 16:20:47] local.ERROR: There are no commands defined in the "breeze:" namespace. {"exception":"[object] (Symfony\\Component\\Console\\Exception\\NamespaceNotFoundException(code: 0): There are no commands defined in the \"breeze:\" namespace. at /home/aluno/Área de Trabalho/Prova-web2/vendor/symfony/console/Application.php:622)
[stacktrace]
#0 /home/aluno/Área de Trabalho/Prova-web2/vendor/symfony/console/Application.php(673): Symfony\\Component\\Console\\Application->findNamespace()
#1 /home/aluno/Área de Trabalho/Prova-web2/vendor/symfony/console/Application.php(259): Symfony\\Component\\Console\\Application->find()
#2 /home/aluno/Área de Trabalho/Prova-web2/vendor/symfony/console/Application.php(171): Symfony\\Component\\Console\\Application->doRun()
#3 /home/aluno/Área de Trabalho/Prova-web2/vendor/laravel/framework/src/Illuminate/Console/Application.php(102): Symfony\\Component\\Console\\Application->run()
#4 /home/aluno/Área de Trabalho/Prova-web2/vendor/laravel/framework/src/Illuminate/Foundation/Console/Kernel.php(129): Illuminate\\Console\\Application->run()
#5 /home/aluno/Área de Trabalho/Prova-web2/artisan(37): Illuminate\\Foundation\\Console\\Kernel->handle()
#6 {main}
"} 
[2022-07-18 16:20:56] local.ERROR: There are no commands defined in the "breeze" namespace. {"exception":"[object] (Symfony\\Component\\Console\\Exception\\NamespaceNotFoundException(code: 0): There are no commands defined in the \"breeze\" namespace. at /home/aluno/Área de Trabalho/Prova-web2/vendor/symfony/console/Application.php:622)
[stacktrace]
#0 /home/aluno/Área de Trabalho/Prova-web2/vendor/symfony/console/Application.php(673): Symfony\\Component\\Console\\Application->findNamespace()
#1 /home/aluno/Área de Trabalho/Prova-web2/vendor/symfony/console/Application.php(259): Symfony\\Component\\Console\\Application->find()
#2 /home/aluno/Área de Trabalho/Prova-web2/vendor/symfony/console/Application.php(171): Symfony\\Component\\Console\\Application->doRun()
#3 /home/aluno/Área de Trabalho/Prova-web2/vendor/laravel/framework/src/Illuminate/Console/Application.php(102): Symfony\\Component\\Console\\Application->run()
#4 /home/aluno/Área de Trabalho/Prova-web2/vendor/laravel/framework/src/Illuminate/Foundation/Console/Kernel.php(129): Illuminate\\Console\\Application->run()
#5 /home/aluno/Área de Trabalho/Prova-web2/artisan(37): Illuminate\\Foundation\\Console\\Kernel->handle()
#6 {main}
"} 
[2022-07-18 16:22:00] local.ERROR: There are no commands defined in the "breeze:" namespace.

Did you mean this?
    breeze {"exception":"[object] (Symfony\\Component\\Console\\Exception\\NamespaceNotFoundException(code: 0): There are no commands defined in the \"breeze:\" namespace.

Did you mean this?
    breeze at /home/aluno/Área de Trabalho/Prova-web2/vendor/symfony/console/Application.php:622)
[stacktrace]
#0 /home/aluno/Área de Trabalho/Prova-web2/vendor/symfony/console/Application.php(673): Symfony\\Component\\Console\\Application->findNamespace()
#1 /home/aluno/Área de Trabalho/Prova-web2/vendor/symfony/console/Application.php(259): Symfony\\Component\\Console\\Application->find()
#2 /home/aluno/Área de Trabalho/Prova-web2/vendor/symfony/console/Application.php(171): Symfony\\Component\\Console\\Application->doRun()
#3 /home/aluno/Área de Trabalho/Prova-web2/vendor/laravel/framework/src/Illuminate/Console/Application.php(102): Symfony\\Component\\Console\\Application->run()
#4 /home/aluno/Área de Trabalho/Prova-web2/vendor/laravel/framework/src/Illuminate/Foundation/Console/Kernel.php(129): Illuminate\\Console\\Application->run()
#5 /home/aluno/Área de Trabalho/Prova-web2/artisan(37): Illuminate\\Foundation\\Console\\Kernel->handle()
#6 {main}
"} 
[2022-07-18 16:22:07] local.ERROR: There are no commands defined in the "breeze:" namespace.

Did you mean this?
    breeze {"exception":"[object] (Symfony\\Component\\Console\\Exception\\NamespaceNotFoundException(code: 0): There are no commands defined in the \"breeze:\" namespace.

Did you mean this?
    breeze at /home/aluno/Área de Trabalho/Prova-web2/vendor/symfony/console/Application.php:622)
[stacktrace]
#0 /home/aluno/Área de Trabalho/Prova-web2/vendor/symfony/console/Application.php(673): Symfony\\Component\\Console\\Application->findNamespace()
#1 /home/aluno/Área de Trabalho/Prova-web2/vendor/symfony/console/Application.php(259): Symfony\\Component\\Console\\Application->find()
#2 /home/aluno/Área de Trabalho/Prova-web2/vendor/symfony/console/Application.php(171): Symfony\\Component\\Console\\Application->doRun()
#3 /home/aluno/Área de Trabalho/Prova-web2/vendor/laravel/framework/src/Illuminate/Console/Application.php(102): Symfony\\Component\\Console\\Application->run()
#4 /home/aluno/Área de Trabalho/Prova-web2/vendor/laravel/framework/src/Illuminate/Foundation/Console/Kernel.php(129): Illuminate\\Console\\Application->run()
#5 /home/aluno/Área de Trabalho/Prova-web2/artisan(37): Illuminate\\Foundation\\Console\\Kernel->handle()
#6 {main}
"} 
[2022-07-18 16:23:36] local.ERROR: There are no commands defined in the "breeze:" namespace.

Did you mean this?
    breeze {"exception":"[object] (Symfony\\Component\\Console\\Exception\\NamespaceNotFoundException(code: 0): There are no commands defined in the \"breeze:\" namespace.

Did you mean this?
    breeze at /home/aluno/Área de Trabalho/Prova-web2/vendor/symfony/console/Application.php:622)
[stacktrace]
#0 /home/aluno/Área de Trabalho/Prova-web2/vendor/symfony/console/Application.php(673): Symfony\\Component\\Console\\Application->findNamespace()
#1 /home/aluno/Área de Trabalho/Prova-web2/vendor/symfony/console/Application.php(259): Symfony\\Component\\Console\\Application->find()
#2 /home/aluno/Área de Trabalho/Prova-web2/vendor/symfony/console/Application.php(171): Symfony\\Component\\Console\\Application->doRun()
#3 /home/aluno/Área de Trabalho/Prova-web2/vendor/laravel/framework/src/Illuminate/Console/Application.php(102): Symfony\\Component\\Console\\Application->run()
#4 /home/aluno/Área de Trabalho/Prova-web2/vendor/laravel/framework/src/Illuminate/Foundation/Console/Kernel.php(129): Illuminate\\Console\\Application->run()
#5 /home/aluno/Área de Trabalho/Prova-web2/artisan(37): Illuminate\\Foundation\\Console\\Kernel->handle()
#6 {main}
"} 
